==> [deploy] Starting deployment of persona-blog-a at Tue Apr  7 09:44:08 AM CEST 2026
==> [deploy] Stopping existing container: persona-blog-a
persona-blog-a
==> [deploy] Removing existing container: persona-blog-a
persona-blog-a
==> [deploy] Ensuring data volume: persona-blog-a-data
persona-blog-a-data
==> [deploy] Ensuring SQLite volume: persona-blog-a-sqlite
persona-blog-a-sqlite
==> [deploy] Building Docker image: persona-blog-a
#0 building with "default" instance using docker driver

#1 [internal] load build definition from Dockerfile
#1 transferring dockerfile: 2.01kB done
#1 DONE 0.0s

#2 [internal] load metadata for docker.io/library/node:20-alpine
#2 DONE 0.7s

#3 [internal] load .dockerignore
#3 transferring context: 120B done
#3 DONE 0.0s

#4 [builder 1/9] FROM docker.io/library/node:20-alpine@sha256:f598378b5240225e6beab68fa9f356db1fb8efe55173e6d4d8153113bb8f333c
#4 DONE 0.0s

#5 [builder 2/9] WORKDIR /app
#5 CACHED

#6 [internal] load build context
#6 transferring context: 53.26kB 0.7s done
#6 DONE 0.7s

#7 [server 3/7] RUN apk add --no-cache fontconfig ttf-dejavu
#7 0.966 ( 1/10) Installing libexpat (2.7.5-r0)
#7 0.978 ( 2/10) Installing brotli-libs (1.2.0-r0)
#7 1.003 ( 3/10) Installing libbz2 (1.0.8-r6)
#7 1.010 ( 4/10) Installing libpng (1.6.56-r0)
#7 1.021 ( 5/10) Installing freetype (2.14.1-r0)
#7 1.040 ( 6/10) Installing fontconfig (2.17.1-r0)
#7 1.070 ( 7/10) Installing encodings (1.1.0-r0)
#7 1.101 ( 8/10) Installing libfontenc (1.1.8-r0)
#7 1.107 ( 9/10) Installing mkfontscale (1.2.3-r1)
#7 1.113 (10/10) Installing font-dejavu (2.37-r6)
#7 1.265 Executing busybox-1.37.0-r30.trigger
#7 1.272 Executing fontconfig-2.17.1-r0.trigger
#7 1.325 Executing mkfontscale-1.2.3-r1.trigger
#7 1.380 OK: 23.8 MiB in 28 packages
#7 DONE 1.5s

#8 [builder 3/9] RUN apk add --no-cache python3 make g++
#8 1.038 ( 1/29) Installing libstdc++-dev (15.2.0-r2)
#8 1.260 ( 2/29) Installing jansson (2.14.1-r0)
#8 1.268 ( 3/29) Installing zstd-libs (1.5.7-r2)
#8 1.284 ( 4/29) Installing binutils (2.45.1-r0)
#8 1.375 ( 5/29) Installing libgomp (15.2.0-r2)
#8 1.387 ( 6/29) Installing libatomic (15.2.0-r2)
#8 1.395 ( 7/29) Installing gmp (6.3.0-r4)
#8 1.406 ( 8/29) Installing isl26 (0.26-r1)
#8 1.435 ( 9/29) Installing mpfr4 (4.2.2-r0)
#8 1.461 (10/29) Installing mpc1 (1.3.1-r1)
#8 1.472 (11/29) Installing gcc (15.2.0-r2)
#8 2.610 (12/29) Installing musl-dev (1.2.5-r21)
#8 2.690 (13/29) Installing g++ (15.2.0-r2)
#8 2.977 (14/29) Installing make (4.4.1-r3)
#8 2.986 (15/29) Installing libbz2 (1.0.8-r6)
#8 2.992 (16/29) Installing libexpat (2.7.5-r0)
#8 3.000 (17/29) Installing libffi (3.5.2-r0)
#8 3.006 (18/29) Installing gdbm (1.26-r0)
#8 3.013 (19/29) Installing xz-libs (5.8.2-r0)
#8 3.024 (20/29) Installing mpdecimal (4.0.1-r0)
#8 3.031 (21/29) Installing ncurses-terminfo-base (6.5_p20251123-r0)
#8 3.042 (22/29) Installing libncursesw (6.5_p20251123-r0)
#8 3.052 (23/29) Installing libpanelw (6.5_p20251123-r0)
#8 3.058 (24/29) Installing readline (8.3.1-r0)
#8 3.067 (25/29) Installing sqlite-libs (3.51.2-r0)
#8 3.084 (26/29) Installing python3 (3.12.12-r0)
#8 3.272 (27/29) Installing python3-pycache-pyc0 (3.12.12-r0)
#8 3.388 (28/29) Installing pyc (3.12.12-r0)
#8 3.388 (29/29) Installing python3-pyc (3.12.12-r0)
#8 3.389 Executing busybox-1.37.0-r30.trigger
#8 3.401 OK: 301.2 MiB in 47 packages
#8 DONE 3.7s

#9 [builder 4/9] COPY package.json package-lock.json* ./
#9 DONE 0.0s

#10 [builder 5/9] RUN npm ci --prefer-offline 2>/dev/null || npm install
#10 9.497 
#10 9.497 added 441 packages, and audited 442 packages in 9s
#10 9.499 
#10 9.499 172 packages are looking for funding
#10 9.499   run `npm fund` for details
#10 9.545 
#10 9.545 4 vulnerabilities (2 moderate, 2 high)
#10 9.545 
#10 9.545 To address all issues (including breaking changes), run:
#10 9.545   npm audit fix --force
#10 9.545 
#10 9.545 Run `npm audit` for details.
#10 DONE 10.0s

#11 [builder 6/9] COPY astro.config.mjs tsconfig.json ./
#11 DONE 0.0s

#12 [builder 7/9] COPY src/ ./src/
#12 DONE 0.0s

#13 [builder 8/9] COPY public/ ./public/
#13 DONE 0.0s

#14 [builder 9/9] RUN npm run build
#14 0.306 
#14 0.306 > persona-blog@0.1.0 build
#14 0.306 > astro build
#14 0.306 
#14 1.067 ▶ Astro collects anonymous usage data.
#14 1.067   This information helps us improve Astro.
#14 1.067   Run "astro telemetry disable" to opt-out.
#14 1.067   https://astro.build/telemetry
#14 1.067 
#14 2.560 07:44:25 [types] Generated 611ms
#14 2.560 07:44:25 [build] output: "hybrid"
#14 2.560 07:44:25 [build] directory: /app/dist/
#14 2.560 07:44:25 [build] adapter: @astrojs/node
#14 2.561 07:44:25 [build] Collecting build info...
#14 2.561 07:44:25 [build] ✓ Completed in 631ms.
#14 2.564 07:44:25 [build] Building hybrid entrypoints...
#14 7.273 07:44:30 [vite] ✓ built in 4.66s
#14 7.273 07:44:30 [build] ✓ Completed in 4.71s.
#14 7.273 
#14 7.273  building client (vite) 
#14 7.280 07:44:30 [vite] transforming...
#14 7.347 07:44:30 [vite] ✓ 14 modules transformed.
#14 7.371 07:44:30 [vite] rendering chunks...
#14 7.392 07:44:30 [vite] computing gzip size...
#14 7.396 07:44:30 [vite] dist/client/_astro/hoisted.B5nROznj.js  5.43 kB │ gzip: 2.14 kB
#14 7.396 07:44:30 [vite] dist/client/_astro/hoisted.DyZkkgjE.js  6.18 kB │ gzip: 2.25 kB
#14 7.396 07:44:30 [vite] ✓ built in 120ms
#14 7.422 
#14 7.422  prerendering static routes 
#14 7.454 07:44:30 λ src/pages/api/graveyard-stats.ts
#14 7.455 07:44:30   └─ /api/graveyard-stats (+20ms)
#14 7.477 07:44:30 λ src/pages/api/reading-pulse.ts
#14 7.477 07:44:30   └─ /api/reading-pulse (+0ms)
#14 7.506 07:44:30 ▶ src/pages/blog/[slug].astro
#14 7.509 07:44:30   ├─ /blog/building-in-public/index.html (+21ms)
#14 7.530 07:44:30   ├─ /blog/focus-as-a-mood/index.html (+7ms)
#14 7.537 07:44:30   ├─ /blog/hello-world/index.html (+6ms)
#14 7.543 07:44:30   ├─ /blog/lo-fi-loop/index.html (+8ms)
#14 7.551 07:44:30   ├─ /blog/now-page/index.html (+9ms)
#14 7.560 07:44:30   └─ /blog/the-decay-theory/index.html (+8ms)
#14 7.572 07:44:30 λ src/pages/feed.xml.ts
#14 7.572 07:44:30   └─ /feed.xml (+1ms)
#14 7.573 07:44:30 ✓ Completed in 170ms.
#14 7.573 
#14 7.574 07:44:30 [build] Rearranging server assets...
#14 7.576 07:44:30 [build] Server built in 5.65s
#14 7.576 07:44:30 [build] Complete!
#14 DONE 7.7s

#15 [server 4/7] COPY --from=builder /app/dist ./dist
#15 DONE 0.1s

#16 [server 5/7] COPY --from=builder /app/node_modules ./node_modules
#16 DONE 2.2s

#17 [server 6/7] COPY --from=builder /app/src/content/blog/ ./src/content/blog/
#17 DONE 0.0s

#18 [server 7/7] RUN mkdir -p /app/dist/server/data  && mkdir -p /app/data
#18 DONE 0.2s

#19 exporting to image
#19 exporting layers
#19 exporting layers 1.2s done
#19 writing image sha256:a010c00024d903886f0e1a855586860df06d0a625e17f3c181c215fbe6c07d80 done
#19 naming to docker.io/library/persona-blog-a
#19 naming to docker.io/library/persona-blog-a done
#19 DONE 1.3s
==> [deploy] Starting container: persona-blog-a on port 7100
82c2231a3e615f969528213cad48aea20a9ecac5c3ce2a4955b30c823c8817d7
==> [deploy] Waiting for container to become healthy…
==> [deploy] ✓ Container is running
==> [deploy] Running deadline sweep…
==> [deploy] Deadline sweep response: {"ok":true,"swept":0,"skipped":0,"errors":0,"results":[]}
==> [deploy] Pruning dangling images…
Deleted Images:
deleted: sha256:ecdbeaf8934d0ef46f36ebe6a1312878e1301e4b96974f9be19b7e22b259da36

Total reclaimed space: 0B
==> [deploy] Done. persona-blog-a is live at http://localhost:7100 — Tue Apr  7 09:44:42 AM CEST 2026
